<?xml version="1.0" encoding="UTF-8"?>
<!-- Generated by org.testng.reporters.JUnitReportReporter -->
<testsuite hostname="SohailSonu" failures="0" tests="1" name="seleniumScripts.TestAnnotation" time="11.227" errors="0" timestamp="2024-03-10T13:38:52 IST" skipped="0">
  <testcase classname="seleniumScripts.TestAnnotation" name="createAccount" time="11.227"/>
</testsuite> <!-- seleniumScripts.TestAnnotation -->
