<?xml version="1.0" encoding="UTF-8"?>
<!-- Generated by org.testng.reporters.JUnitReportReporter -->
<testsuite hostname="SohailSonu" failures="0" tests="5" name="seleniumScripts.TestAnnotationDemo2" time="0.037" errors="0" timestamp="2024-01-18T11:46:19 IST" skipped="0">
  <testcase classname="seleniumScripts.TestAnnotationDemo2" name="login" time="0.020"/>
  <testcase classname="seleniumScripts.TestAnnotationDemo2" name="composeEmail" time="0.006"/>
  <testcase classname="seleniumScripts.TestAnnotationDemo2" name="SearchEmail" time="0.004"/>
  <testcase classname="seleniumScripts.TestAnnotationDemo2" name="DeleteEmail" time="0.003"/>
  <testcase classname="seleniumScripts.TestAnnotationDemo2" name="Logout" time="0.004"/>
</testsuite> <!-- seleniumScripts.TestAnnotationDemo2 -->
